android_app/app/build/outputs/mapping/release/seeds.txt
com.antai.MainActivity
com.antai.ui.MainTab: com.antai.ui.MainTab[] values()
com.antai.ui.MainTab: com.antai.ui.MainTab valueOf(java.lang.String)
com.antai.MainActivity: MainActivity()
...
androidx.compose.runtime.snapshots.SnapshotStateList$StateListStateRecord: void assign(androidx.compose.runtime.snapshots.StateRecord)
androidx.compose.runtime.Recomposer: void access$setConcurrentCompositionsOutstanding$p(androidx.compose.runtime.Recomposer,int)
androidx.compose.runtime.ComposerKt: androidx.compose.runtime.Invalidation removeLocation(java.util.List,int)
androidx.compose.runtime.external.kotlinx.collections.immutable.ExtensionsKt: androidx.compose.runtime.external.kotlinx.collections.immutable.PersistentList minus(androidx.compose.runtime.external.kotlinx.collections.immutable.PersistentList,java.lang.Object)
androidx.compose.runtime.SlotTableKt: void access$addAux(int[],int)
androidx.compose.runtime.external.kotlinx.collections.immutable.implementations.immutableSet.TrieNodeKt: java.lang.Object[] access$removeCellAtIndex(java.lang.Object[],int)
androidx.compose.runtime.changelist.Operation$TestOperation: Operation$TestOperation(int,int,kotlin.jvm.functions.Function3,int,kotlin.jvm.internal.DefaultConstructorMarker)
androidx.compose.runtime.snapshots.SnapshotWeakSet: boolean isValid$runtime_release()
androidx.compose.runtime.collection.MutableVector$MutableVectorList: java.lang.Object[] toArray()
androidx.compose.runtime.MutableLongState: void setValue(long)
androidx.compose.runtime.GroupIterator: androidx.compose.runtime.tooling.CompositionGroup next()
androidx.compose.runtime.SlotReader: int getSize()
androidx.compose.runtime.ComposerKt: void getReference$annotations()
androidx.compose.runtime.external.kotlinx.collections.immutable.implementations.immutableMap.AbstractMapBuilderEntries: boolean contains(java.util.Map$Entry)
androidx.compose.runtime.CompositionKt: androidx.compose.runtime.Composition Composition(androidx.compose.runtime.Applier,androidx.compose.runtime.CompositionContext,kotlin.coroutines.CoroutineContext)
androidx.compose.runtime.collection.IntMap: java.lang.Object get(int)
androidx.compose.runtime.RememberObserverHolder: void setWrapped(androidx.compose.runtime.RememberObserver)
androidx.compose.runtime.SlotWriter: void updateDataIndex(int[],int,int)
androidx.core.view.ViewCompat$Api29Impl: void setSystemGestureExclusionRects(android.view.View,java.util.List)
androidx.compose.runtime.external.kotlinx.collections.immutable.implementations.immutableSet.PersistentHashSetBuilder: PersistentHashSetBuilder(androidx.compose.runtime.external.kotlinx.collections.immutable.implementations.immutableSet.PersistentHashSet)
androidx.compose.runtime.internal.ComposableLambdaImpl: java.lang.Object invoke(java.lang.Object,java.lang.Object,java.lang.Object,java.lang.Object,java.lang.Object,java.lang.Object,java.lang.Object,java.lang.Object,java.lang.Object,java.lang.Object,java.lang.Object,java.lang.Object,java.lang.Object,java.lang.Object,java.lang.Object,java.lang.Object,java.lang.Object,java.lang.Object,java.lang.Object,java.lang.Object)
androidx.compose.runtime.external.kotlinx.collections.immutable.PersistentCollection: androidx.compose.runtime.external.kotlinx.collections.immutable.PersistentCollection add(java.lang.Object)
androidx.compose.runtime.changelist.OperationKt$releaseMovableGroupAtCurrent$movableContentRecomposeScopeOwner$1: androidx.compose.runtime.InvalidationResult invalidate(androidx.compose.runtime.RecomposeScopeImpl,java.lang.Object)
androidx.compose.runtime.SnapshotStateKt__DerivedStateKt: java.lang.Object withCalculationNestedLevel$SnapshotStateKt__DerivedStateKt(kotlin.jvm.functions.Function1)
androidx.compose.runtime.Applier: void down(java.lang.Object)
androidx.compose.runtime.PausableMonotonicFrameClock: kotlin.coroutines.CoroutineContext plus(kotlin.coroutines.CoroutineContext)
androidx.compose.runtime.CompositionLocalMap: java.lang.Object get(androidx.compose.runtime.CompositionLocal)
androidx.compose.material3.tokens.ShapeKeyTokens: androidx.compose.material3.tokens.ShapeKeyTokens[] values()