android_app/app/build/outputs/mapping/release/mapping.txt
# compiler: R8
# compiler_version: 8.5.35
# min_api: 26
# common_typos_disable
# {"id":"com.android.tools.r8.mapping","version":"2.2"}
# pg_map_id: 2b57bb2
# pg_map_hash: SHA-256 2b57bb282c80d9eff6b32c77e6b6b20e1f4ad943bd7f760e3bc82f5d4892ecab
com.antai.ComposableSingletons$MainActivityKt -> I0.b:
# {"id":"sourceFile","fileName":"MainActivity.kt"}
    kotlin.jvm.functions.Function2 lambda-1 -> a
      # {"id":"com.android.tools.r8.residualsignature","signature":"Landroidx/compose/runtime/internal/ComposableLambda;"}
    0:12:void <clinit>():11:11 -> <clinit>
com.antai.ComposableSingletons$MainActivityKt$lambda-1$1 -> I0.a:
# {"id":"sourceFile","fileName":"MainActivity.kt"}
    com.antai.ComposableSingletons$MainActivityKt$lambda-1$1 INSTANCE -> g
      # {"id":"com.android.tools.r8.residualsignature","signature":"LI0/a;"}
    3:5:void <init>():0:0 -> <clinit>
    3:5:void <clinit>():0 -> <clinit>
    6:8:void <clinit>():0:0 -> <clinit>
    0:12:java.lang.Object invoke(java.lang.Object,java.lang.Object):11:11 -> invoke
    13:51:void invoke(androidx.compose.runtime.Composer,int):12:12 -> invoke
    13:51:java.lang.Object invoke(java.lang.Object,java.lang.Object):11 -> invoke
    52:54:java.lang.Object invoke(java.lang.Object,java.lang.Object):11:11 -> invoke
com.antai.MainActivity -> com.antai.MainActivity:
# {"id":"sourceFile","fileName":"MainActivity.kt"}
    0:3:void <init>():8:8 -> <init>
    0:2:void onCreate(android.os.Bundle):10:10 -> onCreate
    3:4:kotlin.jvm.functions.Function2 com.antai.ComposableSingletons$MainActivityKt.getLambda-1$app_release():0:0 -> onCreate
    3:4:void onCreate(android.os.Bundle):11 -> onCreate
    5:6:void onCreate(android.os.Bundle):11:11 -> onCreate
    7:17:void androidx.activity.compose.ComponentActivityKt.setContent(androidx.activity.ComponentActivity,androidx.compose.runtime.CompositionContext,kotlin.jvm.functions.Function2):55:55 -> onCreate
    7:17:void androidx.activity.compose.ComponentActivityKt.setContent$default(androidx.activity.ComponentActivity,androidx.compose.runtime.CompositionContext,kotlin.jvm.functions.Function2,int,java.lang.Object):51 -> onCreate
    7:17:void onCreate(android.os.Bundle):11 -> onCreate
    18:24:void androidx.activity.compose.ComponentActivityKt.setContent(androidx.activity.ComponentActivity,androidx.compose.runtime.CompositionContext,kotlin.jvm.functions.Function2):56:56 -> onCreate
    18:24:void androidx.activity.compose.ComponentActivityKt.setContent$default(androidx.activity.ComponentActivity,androidx.compose.runtime.CompositionContext,kotlin.jvm.functions.Function2,int,java.lang.Object):51 -> onCreate
    18:24:void onCreate(android.os.Bundle):11 -> onCreate
com.antai.core.ANTBridge -> J0.b:
# {"id":"sourceFile","fileName":"ANTBridge.kt"}
    0:6:boolean hasAny(java.lang.String,java.lang.String[]):60:60 -> a
    7:12:boolean kotlin.text.StringsKt__StringsKt.contains(java.lang.CharSequence,java.lang.CharSequence,boolean):0:0 -> a
    7:12:boolean kotlin.text.StringsKt__StringsKt.contains$default(java.lang.CharSequence,java.lang.CharSequence,boolean,int,java.lang.Object):1144 -> a
    7:12:boolean hasAny(java.lang.String,java.lang.String[]):55 -> a
    13:24:boolean kotlin.text.StringsKt__StringsKt.contains(java.lang.CharSequence,java.lang.CharSequence,boolean):1146:1146 -> a
    13:24:boolean kotlin.text.StringsKt__StringsKt.contains$default(java.lang.CharSequence,java.lang.CharSequence,boolean,int,java.lang.Object):1144 -> a
    13:24:boolean hasAny(java.lang.String,java.lang.String[]):55 -> a
com.antai.core.ANTBridge$TaskRoute -> J0.a:
# {"id":"sourceFile","fileName":"ANTBridge.kt"}
    java.lang.String agent -> a
    java.lang.String action -> b
    java.lang.String result -> c
    0:9:void <init>(java.lang.String,java.lang.String,java.lang.String):57:57 -> <init>
    4:45:boolean equals(java.lang.Object):0:0 -> equals
    0:24:int hashCode():0:0 -> hashCode
    0:41:java.lang.String toString():0:0 -> toString
...
androidx.compose.runtime.SkippableUpdater -> androidx.compose.runtime.SkippableUpdater:
# {"id":"sourceFile","fileName":"Composer.kt"}
    0:5:void <init>(androidx.compose.runtime.Composer):3844:3844 -> <init>
    3:5:void update-impl(androidx.compose.runtime.Composer,kotlin.jvm.functions.Function1):3848:3848 -> update-impl
      # {"id":"com.android.tools.r8.residualsignature","signature":"(Landroidx/compose/runtime/Composer;LX0/c;)V"}
    6:16:void update-impl(androidx.compose.runtime.Composer,kotlin.jvm.functions.Function1):3849:3849 -> update-impl
    17:20:void update-impl(androidx.compose.runtime.Composer,kotlin.jvm.functions.Function1):3850:3850 -> update-impl
androidx.compose.runtime.SlotReader -> androidx.compose.runtime.SlotReader:
# {"id":"sourceFile","fileName":"SlotTable.kt"}
    0:2:void <init>(androidx.compose.runtime.SlotTable):801:801 -> <init>
    3:4:androidx.compose.runtime.SlotTable getTable$runtime_release():805:805 -> <init>
    3:4:void <init>(androidx.compose.runtime.SlotTable):805 -> <init>
    5:10:void <init>(androidx.compose.runtime.SlotTable):811:811 -> <init>
    11:16:void <init>(androidx.compose.runtime.SlotTable):816:816 -> <init>
    17:22:void <init>(androidx.compose.runtime.SlotTable):821:821 -> <init>
    23:28:void <init>(androidx.compose.runtime.SlotTable):826:826 -> <init>
    29:31:int getCurrentEnd():849:849 -> <init>
    29:31:void <init>(androidx.compose.runtime.SlotTable):849 -> <init>
    32:34:int getParent():855:855 -> <init>
    32:34:void <init>(androidx.compose.runtime.SlotTable):855 -> <init>
    0:7:androidx.compose.runtime.Anchor anchor$default(androidx.compose.runtime.SlotReader,int,int,java.lang.Object):1223:1223 -> anchor
    0:7:androidx.compose.runtime.Anchor anchor(int):1223 -> anchor
    8:13:androidx.compose.runtime.Anchor androidx.compose.runtime.SlotTableKt.getOrAdd(java.util.ArrayList,int,int,kotlin.jvm.functions.Function0):3616:3616 -> anchor
    8:13:androidx.compose.runtime.Anchor anchor(int):1223 -> anchor
    14:21:androidx.compose.runtime.Anchor anchor(int):1224:1224 -> anchor
androidx.compose.runtime.SlotTable -> androidx.compose.runtime.SlotTable:
# {"id":"sourceFile","fileName":"SlotTable.kt"}
    0:3:void <init>():81:81 -> <init>
    4:7:int[] getGroups():87:87 -> <init>
    4:7:void <init>():87 -> <init>
    8:11:java.lang.Object[] getSlots():102:102 -> <init>
    8:11:void <init>():102 -> <init>
    12:19:void setAnchors$runtime_release(java.util.ArrayList):132:132 -> <init>
    12:19:void <init>():132 -> <init>
    0:7:androidx.compose.runtime.Anchor anchor(int):211:211 -> anchor
    8:11:androidx.compose.runtime.Anchor anchor(int):212:212 -> anchor
    12:13:androidx.compose.runtime.Anchor anchor(int):213:213 -> anchor
    14:19:androidx.compose.runtime.Anchor androidx.compose.runtime.SlotTableKt.getOrAdd(java.util.ArrayList,int,int,kotlin.jvm.functions.Function0):3616:3616 -> anchor
    14:19:androidx.compose.runtime.Anchor anchor(int):213 -> anchor
    20:27:androidx.compose.runtime.Anchor anchor(int):214:214 -> anchor
    28:31:androidx.compose.runtime.Anchor androidx.compose.runtime.SlotTableKt.getOrAdd(java.util.ArrayList,int,int,kotlin.jvm.functions.Function0):3619:3619 -> anchor
    28:31:androidx.compose.runtime.Anchor anchor(int):213 -> anchor
    32:39:androidx.compose.runtime.Anchor androidx.compose.runtime.SlotTableKt.getOrAdd(java.util.ArrayList,int,int,kotlin.jvm.functions.Function0):3621:3621 -> anchor
    32:39:androidx.compose.runtime.Anchor anchor(int):213 -> anchor