android_app/app/build/outputs/mapping/release/usage.txt
com.antai.MainActivity:
    public static final int $stable
com.antai.R$style
com.antai.R
com.antai.core.ANTBridge$TaskRoute:
    public final java.lang.String component1()
    public final java.lang.String component2()
    public final java.lang.String component3()
    public final com.antai.core.ANTBridge$TaskRoute copy(java.lang.String,java.lang.String,java.lang.String)
    public static synthetic com.antai.core.ANTBridge$TaskRoute copy$default(com.antai.core.ANTBridge$TaskRoute,java.lang.String,java.lang.String,java.lang.String,int,java.lang.Object)
com.antai.core.ANTBridge:
    public static final int $stable
com.antai.navigation.ANTScreen$Agents
com.antai.navigation.ANTScreen$Build
com.antai.navigation.ANTScreen$Chat
com.antai.navigation.ANTScreen$Home
com.antai.navigation.ANTScreen$Projects
com.antai.navigation.ANTScreen
com.antai.ui.ChatMessage:
    public final java.lang.String component1()
    public final java.lang.String component2()
    public final boolean component3()
    public final com.antai.ui.ChatMessage copy(java.lang.String,java.lang.String,boolean)
    public static synthetic com.antai.ui.ChatMessage copy$default(com.antai.ui.ChatMessage,java.lang.String,java.lang.String,boolean,int,java.lang.Object)
com.antai.ui.ChatScreenKt$ChatScreen$2$1$1$invoke$$inlined$items$default$2
com.antai.ComposableSingletons$MainActivityKt$lambda-1$1:
    public final void invoke(androidx.compose.runtime.Composer,int)
com.antai.ComposableSingletons$MainActivityKt:
    public static final com.antai.ComposableSingletons$MainActivityKt INSTANCE
    public static kotlin.jvm.functions.Function2 getLambda-1$app_release()
com.antai.MainActivity:
    static void <clinit>()
com.antai.core.ANTBridge$TaskRoute:
    public static java.lang.String getAction()
    public static java.lang.String getAgent()
    public static java.lang.String getResult()
com.antai.core.ANTBridge:
    static void <clinit>()
    public static java.util.List dashboardStatus()
    public static java.lang.String executeTask()
com.antai.ui.ANTAppKt$ANTApp$1:
    public final void invoke(androidx.compose.runtime.Composer,int)
com.antai.ui.ANTAppKt$AppHeader$2:
    public final void invoke(androidx.compose.runtime.Composer,int)
com.antai.ui.ANTAppKt$BottomTabs$1$1$1$1:
    public final void invoke()
com.antai.ui.ANTAppKt$BottomTabs$2:
    public final void invoke(androidx.compose.runtime.Composer,int)
com.antai.ui.AgentScreenKt$AgentScreen$1$1$1:
    public final void invoke$54()
com.antai.ui.AgentScreenKt$AgentScreen$2:
    public final synthetic int $$default
    public final void invoke(androidx.compose.runtime.Composer,int)
com.antai.ui.BuildScreenKt$BuildScreen$1$1$1:
    public final void invoke$54()
com.antai.ui.BuildScreenKt$BuildScreen$2:
    public final synthetic int $$default
    public final void invoke(androidx.compose.runtime.Composer,int)
com.antai.ui.ChatMessage:
    public static java.lang.String getAuthor()
    public static boolean getFromUser()
    public static java.lang.String getText()
com.antai.ui.ChatScreenKt$AnimatedAnt$1$1:
    public final void invoke$19()
com.antai.ui.ChatScreenKt$AnimatedAnt$2:
    public final void invoke(androidx.compose.runtime.Composer,int)
com.antai.ui.ChatScreenKt$ChatHero$1:
    public final void invoke$54()
com.antai.ui.ChatScreenKt$ChatHero$2:
    public final void invoke(androidx.compose.runtime.Composer,int)
com.antai.ui.ChatScreenKt$ChatInput$2:
    public final void invoke(androidx.compose.runtime.Composer,int)
com.antai.ui.ChatScreenKt$ChatScreen$1$1:
    public final java.lang.Object invoke(kotlinx.coroutines.CoroutineScope,kotlin.coroutines.Continuation)
com.antai.ui.ChatScreenKt$ChatScreen$2$1$1$1$1$1:
    public final void invoke$55()
com.antai.ui.ChatScreenKt$ChatScreen$2$1$1$1:
    public final void invoke$56()
com.antai.ui.ChatScreenKt$ChatScreen$2$1$1$invoke$$inlined$items$default$1
...
androidx.compose.foundation.layout.ValueInsets
androidx.compose.foundation.layout.VerticalAlignElement
androidx.compose.foundation.layout.VerticalAlignNode
androidx.compose.foundation.layout.WindowInsets$Companion
androidx.compose.foundation.layout.WindowInsets
androidx.compose.foundation.layout.WindowInsetsAnimationCancelledException
androidx.compose.foundation.layout.WindowInsetsConnection_androidKt$imeNestedScroll$$inlined$debugInspectorInfo$1
androidx.compose.foundation.layout.WindowInsetsConnection_androidKt$imeNestedScroll$2
androidx.compose.foundation.layout.WindowInsetsConnection_androidKt$rememberWindowInsetsConnection$1$invoke$$inlined$onDispose$1
androidx.compose.foundation.layout.WindowInsetsConnection_androidKt$rememberWindowInsetsConnection$1
androidx.compose.foundation.layout.WindowInsetsConnection_androidKt
androidx.compose.foundation.layout.WindowInsetsHolder$Companion$current$1$invoke$$inlined$onDispose$1
androidx.compose.foundation.layout.WindowInsetsHolder$Companion$current$1
androidx.compose.foundation.layout.WindowInsetsHolder$Companion
androidx.compose.foundation.layout.WindowInsetsHolder
androidx.compose.foundation.layout.WindowInsetsKt
androidx.compose.foundation.layout.WindowInsetsNestedScrollConnection$animationEnded$1
androidx.compose.foundation.layout.WindowInsetsNestedScrollConnection$dispose$1
androidx.compose.foundation.layout.WindowInsetsNestedScrollConnection$fling$1
androidx.compose.foundation.layout.WindowInsetsNestedScrollConnection$fling$2$1$1
androidx.compose.foundation.layout.WindowInsetsNestedScrollConnection$fling$2$1
androidx.compose.foundation.layout.WindowInsetsNestedScrollConnection$fling$2
androidx.compose.foundation.layout.WindowInsetsNestedScrollConnection$fling$3$1$1
androidx.compose.foundation.layout.WindowInsetsNestedScrollConnection$fling$3$1
androidx.compose.foundation.layout.WindowInsetsNestedScrollConnection$fling$3
androidx.compose.foundation.layout.WindowInsetsNestedScrollConnection$onReady$1
androidx.compose.foundation.layout.WindowInsetsNestedScrollConnection
androidx.compose.foundation.layout.WindowInsetsPaddingKt$ModifierLocalConsumedWindowInsets$1
androidx.compose.foundation.layout.WindowInsetsPaddingKt$consumeWindowInsets$$inlined$debugInspectorInfo$1
androidx.compose.foundation.layout.WindowInsetsPaddingKt$consumeWindowInsets$$inlined$debugInspectorInfo$2
androidx.compose.foundation.layout.WindowInsetsPaddingKt$consumeWindowInsets$2
androidx.compose.foundation.layout.WindowInsetsPaddingKt$consumeWindowInsets$4
androidx.compose.foundation.layout.WindowInsetsPaddingKt$onConsumedWindowInsetsChanged$$inlined$debugInspectorInfo$1
androidx.compose.foundation.layout.WindowInsetsPaddingKt$onConsumedWindowInsetsChanged$2
androidx.compose.foundation.layout.WindowInsetsPaddingKt$windowInsetsPadding$$inlined$debugInspectorInfo$1
androidx.compose.foundation.layout.WindowInsetsPaddingKt$windowInsetsPadding$2
androidx.compose.foundation.layout.WindowInsetsPaddingKt
androidx.compose.foundation.layout.WindowInsetsPadding_androidKt$captionBarPadding$$inlined$debugInspectorInfo$1
androidx.compose.foundation.layout.WindowInsetsPadding_androidKt$captionBarPadding$$inlined$windowInsetsPadding$1
androidx.compose.foundation.layout.WindowInsetsPadding_androidKt$displayCutoutPadding$$inlined$debugInspectorInfo$1
androidx.compose.foundation.layout.WindowInsetsPadding_androidKt$displayCutoutPadding$$inlined$windowInsetsPadding$1
androidx.compose.foundation.layout.WindowInsetsPadding_androidKt$imePadding$$inlined$debugInspectorInfo$1
androidx.compose.foundation.layout.WindowInsetsPadding_androidKt$imePadding$$inlined$windowInsetsPadding$1
androidx.compose.foundation.layout.WindowInsetsPadding_androidKt$mandatorySystemGesturesPadding$$inlined$debugInspectorInfo$1
androidx.compose.foundation.layout.WindowInsetsPadding_androidKt$mandatorySystemGesturesPadding$$inlined$windowInsetsPadding$1